<?xml version="1.0" encoding="UTF-8"?>
<!-- Generated by org.testng.reporters.JUnitXMLReporter -->
<testsuite hostname="Newt-Pk024" name="Perfecto Assignment 1 Compare stocks" tests="3" failures="0" timestamp="10 Jun 2016 09:07:33 GMT" time="1552.871" errors="0">
  <testcase name="compareTabletPrices" time="370.663" classname="Test.MainTest"/>
  <testcase name="compareTabletPrices" time="81.691" classname="Test.MainTest"/>
  <testcase name="compareTabletPrices" time="126.295" classname="Test.MainTest"/>
</testsuite> <!-- Perfecto Assignment 1 Compare stocks -->
