<?xml version="1.0" encoding="UTF-8"?>
<testng-results skipped="0" failed="0" total="3" passed="3">
  <reporter-output>
    <line>
      <![CDATA[Rating is :3.4
]]>
    </line>
    <line>
      <![CDATA[Third Lowest Price is :16,900
]]>
    </line>
    <line>
      <![CDATA[Rating is :4.5
]]>
    </line>
    <line>
      <![CDATA[Third Lowest Price is :26,900
]]>
    </line>
    <line>
      <![CDATA[Rating is :4.0
]]>
    </line>
    <line>
      <![CDATA[Third Lowest Price is :7,299
]]>
    </line>
  </reporter-output>
  <suite name="Suite" duration-ms="1552871" started-at="2016-06-10T08:41:40Z" finished-at="2016-06-10T09:07:33Z">
    <groups>
    </groups>
    <test name="Perfecto Assignment 1 Compare stocks" duration-ms="1552871" started-at="2016-06-10T08:41:40Z" finished-at="2016-06-10T09:07:33Z">
      <class name="Test.MainTest">
        <test-method status="PASS" signature="beforeClass(java.lang.String, java.lang.String, java.lang.String, java.lang.String, java.lang.String, java.lang.String, java.lang.String, java.lang.String, java.lang.String)[pri:0, instance:Test.MainTest@59fd97a8]" name="beforeClass" is-config="true" duration-ms="157097" started-at="2016-06-10T14:11:41Z" finished-at="2016-06-10T14:14:18Z">
          <params>
            <param index="0">
              <value>
                <![CDATA[partners.perfectomobile.com]]>
              </value>
            </param>
            <param index="1">
              <value>
                <![CDATA[demo@newtglobal.com]]>
              </value>
            </param>
            <param index="2">
              <value>
                <![CDATA[DEMO123]]>
              </value>
            </param>
            <param index="3">
              <value>
                <![CDATA[Sara]]>
              </value>
            </param>
            <param index="4">
              <value>
                <![CDATA[Android]]>
              </value>
            </param>
            <param index="5">
              <value>
                <![CDATA[Google]]>
              </value>
            </param>
            <param index="6">
              <value>
                <![CDATA[Nexus 5]]>
              </value>
            </param>
            <param index="7">
              <value>
                <![CDATA[MySmartPrice_4.9.4.apk]]>
              </value>
            </param>
            <param index="8">
              <value>
                <![CDATA[com.MySmartPrice.MySmartPrice]]>
              </value>
            </param>
          </params>
          <reporter-output>
          </reporter-output>
        </test-method> <!-- beforeClass -->
        <test-method status="PASS" signature="compareTabletPrices(java.lang.String)[pri:0, instance:Test.MainTest@59fd97a8]" name="compareTabletPrices" duration-ms="370663" started-at="2016-06-10T14:14:18Z" data-provider="priceCompareInput" finished-at="2016-06-10T14:20:28Z">
          <params>
            <param index="0">
              <value>
                <![CDATA[Samsung Galaxy Tab E]]>
              </value>
            </param>
          </params>
          <reporter-output>
            <line>
              <![CDATA[Rating is :3.4
]]>
            </line>
            <line>
              <![CDATA[Third Lowest Price is :16,900
]]>
            </line>
          </reporter-output>
        </test-method> <!-- compareTabletPrices -->
        <test-method status="PASS" signature="afterClass()[pri:0, instance:Test.MainTest@59fd97a8]" name="afterClass" is-config="true" duration-ms="31482" started-at="2016-06-10T14:20:28Z" finished-at="2016-06-10T14:21:00Z">
          <reporter-output>
          </reporter-output>
        </test-method> <!-- afterClass -->
        <test-method status="PASS" signature="beforeClass(java.lang.String, java.lang.String, java.lang.String, java.lang.String, java.lang.String, java.lang.String, java.lang.String, java.lang.String, java.lang.String)[pri:0, instance:Test.MainTest@59fd97a8]" name="beforeClass" is-config="true" duration-ms="227014" started-at="2016-06-10T14:21:00Z" finished-at="2016-06-10T14:24:47Z">
          <params>
            <param index="0">
              <value>
                <![CDATA[partners.perfectomobile.com]]>
              </value>
            </param>
            <param index="1">
              <value>
                <![CDATA[demo@newtglobal.com]]>
              </value>
            </param>
            <param index="2">
              <value>
                <![CDATA[DEMO123]]>
              </value>
            </param>
            <param index="3">
              <value>
                <![CDATA[Sara]]>
              </value>
            </param>
            <param index="4">
              <value>
                <![CDATA[Android]]>
              </value>
            </param>
            <param index="5">
              <value>
                <![CDATA[Google]]>
              </value>
            </param>
            <param index="6">
              <value>
                <![CDATA[Nexus 5]]>
              </value>
            </param>
            <param index="7">
              <value>
                <![CDATA[MySmartPrice_4.9.4.apk]]>
              </value>
            </param>
            <param index="8">
              <value>
                <![CDATA[com.MySmartPrice.MySmartPrice]]>
              </value>
            </param>
          </params>
          <reporter-output>
          </reporter-output>
        </test-method> <!-- beforeClass -->
        <test-method status="PASS" signature="compareTabletPrices(java.lang.String)[pri:0, instance:Test.MainTest@59fd97a8]" name="compareTabletPrices" duration-ms="81691" started-at="2016-06-10T14:24:47Z" data-provider="priceCompareInput" finished-at="2016-06-10T14:26:09Z">
          <params>
            <param index="0">
              <value>
                <![CDATA[Apple iPad Air]]>
              </value>
            </param>
          </params>
          <reporter-output>
            <line>
              <![CDATA[Rating is :4.5
]]>
            </line>
            <line>
              <![CDATA[Third Lowest Price is :26,900
]]>
            </line>
          </reporter-output>
        </test-method> <!-- compareTabletPrices -->
        <test-method status="PASS" signature="afterClass()[pri:0, instance:Test.MainTest@59fd97a8]" name="afterClass" is-config="true" duration-ms="22656" started-at="2016-06-10T14:26:09Z" finished-at="2016-06-10T14:26:31Z">
          <reporter-output>
          </reporter-output>
        </test-method> <!-- afterClass -->
        <test-method status="PASS" signature="beforeClass(java.lang.String, java.lang.String, java.lang.String, java.lang.String, java.lang.String, java.lang.String, java.lang.String, java.lang.String, java.lang.String)[pri:0, instance:Test.MainTest@59fd97a8]" name="beforeClass" is-config="true" duration-ms="219958" started-at="2016-06-10T14:26:31Z" finished-at="2016-06-10T14:30:11Z">
          <params>
            <param index="0">
              <value>
                <![CDATA[partners.perfectomobile.com]]>
              </value>
            </param>
            <param index="1">
              <value>
                <![CDATA[demo@newtglobal.com]]>
              </value>
            </param>
            <param index="2">
              <value>
                <![CDATA[DEMO123]]>
              </value>
            </param>
            <param index="3">
              <value>
                <![CDATA[Sara]]>
              </value>
            </param>
            <param index="4">
              <value>
                <![CDATA[Android]]>
              </value>
            </param>
            <param index="5">
              <value>
                <![CDATA[Google]]>
              </value>
            </param>
            <param index="6">
              <value>
                <![CDATA[Nexus 5]]>
              </value>
            </param>
            <param index="7">
              <value>
                <![CDATA[MySmartPrice_4.9.4.apk]]>
              </value>
            </param>
            <param index="8">
              <value>
                <![CDATA[com.MySmartPrice.MySmartPrice]]>
              </value>
            </param>
          </params>
          <reporter-output>
          </reporter-output>
        </test-method> <!-- beforeClass -->
        <test-method status="PASS" signature="compareTabletPrices(java.lang.String)[pri:0, instance:Test.MainTest@59fd97a8]" name="compareTabletPrices" duration-ms="126295" started-at="2016-06-10T14:30:11Z" data-provider="priceCompareInput" finished-at="2016-06-10T14:32:17Z">
          <params>
            <param index="0">
              <value>
                <![CDATA[Micromax Canvas Tablet P680]]>
              </value>
            </param>
          </params>
          <reporter-output>
            <line>
              <![CDATA[Rating is :4.0
]]>
            </line>
            <line>
              <![CDATA[Third Lowest Price is :7,299
]]>
            </line>
          </reporter-output>
        </test-method> <!-- compareTabletPrices -->
        <test-method status="PASS" signature="afterClass()[pri:0, instance:Test.MainTest@59fd97a8]" name="afterClass" is-config="true" duration-ms="315753" started-at="2016-06-10T14:32:17Z" finished-at="2016-06-10T14:37:33Z">
          <reporter-output>
          </reporter-output>
        </test-method> <!-- afterClass -->
      </class> <!-- Test.MainTest -->
    </test> <!-- Perfecto Assignment 1 Compare stocks -->
  </suite> <!-- Suite -->
</testng-results>
